0 info it worked if it ends with ok
1 verbose cli [ 'node', '/usr/local/bin/npm', 'link' ]
2 info using npm@2.0.0-alpha-5
3 info using node@v0.10.30
4 verbose node symlink /usr/local/bin/node
5 verbose linkPkg /Users/brycejohnson/opensource/brycepj/scrawl
6 verbose gentlyRm vacuuming /usr/local/lib/node_modules/scrawl-notes
7 silly gentlyRm purging /usr/local/lib/node_modules/scrawl-notes
8 silly gentlyRm quitting because other entries in /usr/local/lib/node_modules
9 verbose gentlyRm vacuuming /usr/local/lib/node_modules/scrawl-notes
10 verbose link build target /usr/local/lib/node_modules/scrawl-notes
11 verbose install where,what [ '/Users/brycejohnson/opensource/brycepj/scrawl', [] ]
12 verbose readDependencies using package.json deps
13 verbose install where, deps [ '/Users/brycejohnson/opensource/brycepj/scrawl',
13 verbose install   [ 'colors',
13 verbose install     'fs-extra',
13 verbose install     'lodash',
13 verbose install     'markdown-pdf',
13 verbose install     'moment',
13 verbose install     'node-uuid',
13 verbose install     'prompt',
13 verbose install     'q' ] ]
14 info preinstall scrawl-notes@0.0.111
15 verbose readDependencies using package.json deps
16 verbose already installed skipping lodash@~3.6.0 /Users/brycejohnson/opensource/brycepj/scrawl
17 verbose already installed skipping markdown-pdf@^5.2.0 /Users/brycejohnson/opensource/brycepj/scrawl
18 verbose already installed skipping moment@^2.9.0 /Users/brycejohnson/opensource/brycepj/scrawl
19 verbose already installed skipping node-uuid@^1.4.3 /Users/brycejohnson/opensource/brycepj/scrawl
20 verbose already installed skipping prompt@~0.2.14 /Users/brycejohnson/opensource/brycepj/scrawl
21 verbose already installed skipping q@~1.2.0 /Users/brycejohnson/opensource/brycepj/scrawl
22 verbose already installed skipping colors@^1.0.3 /Users/brycejohnson/opensource/brycepj/scrawl
23 verbose already installed skipping fs-extra@^0.18.0 /Users/brycejohnson/opensource/brycepj/scrawl
24 silly resolved []
25 info build /Users/brycejohnson/opensource/brycepj/scrawl
26 verbose linkStuff [ false, false, false, '/Users/brycejohnson/opensource/brycepj' ]
27 info linkStuff scrawl-notes@0.0.111
28 verbose linkBins scrawl-notes@0.0.111
29 verbose linkMans scrawl-notes@0.0.111
30 verbose rebuildBundles scrawl-notes@0.0.111
31 verbose rebuildBundles [ '.bin',
31 verbose rebuildBundles   'colors',
31 verbose rebuildBundles   'fs-extra',
31 verbose rebuildBundles   'lodash',
31 verbose rebuildBundles   'markdown-pdf',
31 verbose rebuildBundles   'moment',
31 verbose rebuildBundles   'node-uuid',
31 verbose rebuildBundles   'prompt',
31 verbose rebuildBundles   'q' ]
32 info install scrawl-notes@0.0.111
33 info postinstall scrawl-notes@0.0.111
34 info prepublish scrawl-notes@0.0.111
35 info build /usr/local/lib/node_modules/scrawl-notes
36 verbose linkStuff [ true,
36 verbose linkStuff   '/usr/local/lib/node_modules',
36 verbose linkStuff   true,
36 verbose linkStuff   '/usr/local/lib/node_modules' ]
37 info linkStuff scrawl-notes@0.0.111
38 verbose linkBins scrawl-notes@0.0.111
39 verbose link bins [ { scrawl: '/index.js' }, '/usr/local/bin', true ]
40 verbose linkMans scrawl-notes@0.0.111
41 error Error: ENOENT, chmod '/index.js'
42 error If you need help, you may report this *entire* log,
42 error including the npm and node versions, at:
42 error     <http://github.com/npm/npm/issues>
43 error System Darwin 14.1.0
44 error command "node" "/usr/local/bin/npm" "link"
45 error cwd /Users/brycejohnson/opensource/brycepj/scrawl
46 error node -v v0.10.30
47 error npm -v 2.0.0-alpha-5
48 error path /index.js
49 error code ENOENT
50 error errno 34
51 verbose exit [ 34, true ]
